app/build/intermediates/manifest_merge_blame_file/debug/manifest-merger-blame-debug-report.txt
1<?xml version="1.0" encoding="utf-8"?>
2<manifest xmlns:android="http://schemas.android.com/apk/res/android"
3    package="com.example.hotelpintar"
4    android:versionCode="1"
5    android:versionName="1.0" >
6
7    <uses-sdk
8        android:minSdkVersion="24"
8-->src\main\AndroidManifest.xml
9        android:targetSdkVersion="29" />
9-->src\main\AndroidManifest.xml
10
11    <uses-permission android:name="android.permission.INTERNET" />
11-->src\main\AndroidManifest.xml:6:5-67
11-->src\main\AndroidManifest.xml:6:22-64
12    <uses-permission android:name="android.permission.VIBRATE" />
12-->[com.wdullaer:materialdatetimepicker:4.2.3] AndroidManifest.xml:26:5-66
12-->[com.wdullaer:materialdatetimepicker:4.2.3] AndroidManifest.xml:26:22-63
13
14    <application
14-->src\main\AndroidManifest.xml:8:5-31:19
15        android:appComponentFactory="androidx.core.app.CoreComponentFactory"
15-->[androidx.core:core:1.1.0] AndroidManifest.xml:24:18-86
16        android:debuggable="true"
17        android:extractNativeLibs="false"
18        android:icon="@mipmap/ic_launcher"
18-->src\main\AndroidManifest.xml:9:9-43
19        android:label="@string/app_name"
19-->src\main\AndroidManifest.xml:10:9-41
20        android:roundIcon="@mipmap/ic_launcher_round"
20-->src\main\AndroidManifest.xml:11:9-54
21        android:supportsRtl="true"
21-->src\main\AndroidManifest.xml:12:9-35
22        android:testOnly="true"
23        android:theme="@style/AppTheme"
23-->src\main\AndroidManifest.xml:13:9-40
24        android:usesCleartextTraffic="true" >
24-->src\main\AndroidManifest.xml:14:9-44
25        <activity android:name="com.example.hotelpintar.PaymentActivity" />
25-->src\main\AndroidManifest.xml:16:9-52
25-->src\main\AndroidManifest.xml:16:19-50
26        <activity android:name="com.example.hotelpintar.ChooseDateActivity" />
26-->src\main\AndroidManifest.xml:17:9-56
26-->src\main\AndroidManifest.xml:17:19-53
27        <activity android:name="com.example.hotelpintar.ChooseRoomActivity" />
27-->src\main\AndroidManifest.xml:18:9-56
27-->src\main\AndroidManifest.xml:18:19-53
28        <activity
28-->src\main\AndroidManifest.xml:19:9-22:59
29            android:name="com.example.hotelpintar.HomeActivity"
29-->src\main\AndroidManifest.xml:20:13-41
30            android:label="@string/title_activity_home"
30-->src\main\AndroidManifest.xml:21:13-56
31            android:theme="@style/AppTheme.NoActionBar" />
31-->src\main\AndroidManifest.xml:22:13-56
32        <activity android:name="com.example.hotelpintar.RegisterActivity" />
32-->src\main\AndroidManifest.xml:23:9-54
32-->src\main\AndroidManifest.xml:23:19-51
33        <activity android:name="com.example.hotelpintar.LoginActivity" >
33-->src\main\AndroidManifest.xml:24:9-30:20
33-->src\main\AndroidManifest.xml:24:19-48
34            <intent-filter>
34-->src\main\AndroidManifest.xml:25:13-29:29
35                <action android:name="android.intent.action.MAIN" />
35-->src\main\AndroidManifest.xml:26:17-69
35-->src\main\AndroidManifest.xml:26:25-66
36
37                <category android:name="android.intent.category.LAUNCHER" />
37-->src\main\AndroidManifest.xml:28:17-77
37-->src\main\AndroidManifest.xml:28:27-74
38            </intent-filter>
39        </activity>
40        <activity
40-->[com.google.firebase:firebase-auth:19.3.1] AndroidManifest.xml:24:9-31:50
41            android:name="com.google.firebase.auth.internal.FederatedSignInActivity"
41-->[com.google.firebase:firebase-auth:19.3.1] AndroidManifest.xml:25:13-85
42            android:excludeFromRecents="true"
42-->[com.google.firebase:firebase-auth:19.3.1] AndroidManifest.xml:26:13-46
43            android:exported="true"
43-->[com.google.firebase:firebase-auth:19.3.1] AndroidManifest.xml:27:13-36
44            android:launchMode="singleTask"
44-->[com.google.firebase:firebase-auth:19.3.1] AndroidManifest.xml:28:13-44
45            android:permission="com.google.firebase.auth.api.gms.permission.LAUNCH_FEDERATED_SIGN_IN"
45-->[com.google.firebase:firebase-auth:19.3.1] AndroidManifest.xml:29:13-102
46            android:theme="@android:style/Theme.Translucent.NoTitleBar" />
46-->[com.google.firebase:firebase-auth:19.3.1] AndroidManifest.xml:30:13-72
47
48        <service
48-->[com.google.firebase:firebase-auth:19.3.1] AndroidManifest.xml:33:9-39:19
49            android:name="com.google.firebase.components.ComponentDiscoveryService"
49-->[com.google.firebase:firebase-auth:19.3.1] AndroidManifest.xml:34:13-84
50            android:directBootAware="true"
50-->[com.google.firebase:firebase-common:19.3.0] AndroidManifest.xml:34:13-43
51            android:exported="false" >
51-->[com.google.firebase:firebase-auth:19.3.1] AndroidManifest.xml:35:13-37
52            <meta-data
52-->[com.google.firebase:firebase-auth:19.3.1] AndroidManifest.xml:36:13-38:85
53                android:name="com.google.firebase.components:com.google.firebase.auth.FirebaseAuthRegistrar"
53-->[com.google.firebase:firebase-auth:19.3.1] AndroidManifest.xml:37:17-109
54                android:value="com.google.firebase.components.ComponentRegistrar" />
54-->[com.google.firebase:firebase-auth:19.3.1] AndroidManifest.xml:38:17-82
55        </service>
56
57        <activity
57-->[com.google.android.gms:play-services-base:17.1.0] AndroidManifest.xml:23:9-26:75
58            android:name="com.google.android.gms.common.api.GoogleApiActivity"
58-->[com.google.android.gms:play-services-base:17.1.0] AndroidManifest.xml:24:13-79
59            android:exported="false"
59-->[com.google.android.gms:play-services-base:17.1.0] AndroidManifest.xml:25:13-37
60            android:theme="@android:style/Theme.Translucent.NoTitleBar" />
60-->[com.google.android.gms:play-services-base:17.1.0] AndroidManifest.xml:26:13-72
61
62        <provider
62-->[com.google.firebase:firebase-common:19.3.0] AndroidManifest.xml:26:9-30:39
63            android:name="com.google.firebase.provider.FirebaseInitProvider"
63-->[com.google.firebase:firebase-common:19.3.0] AndroidManifest.xml:27:13-77
64            android:authorities="com.example.hotelpintar.firebaseinitprovider"
64-->[com.google.firebase:firebase-common:19.3.0] AndroidManifest.xml:28:13-72
65            android:exported="false"
65-->[com.google.firebase:firebase-common:19.3.0] AndroidManifest.xml:29:13-37
66            android:initOrder="100" />
66-->[com.google.firebase:firebase-common:19.3.0] AndroidManifest.xml:30:13-36
67
68        <meta-data
68-->[com.google.android.gms:play-services-basement:17.0.0] AndroidManifest.xml:23:9-25:69
69            android:name="com.google.android.gms.version"
69-->[com.google.android.gms:play-services-basement:17.0.0] AndroidManifest.xml:24:13-58
70            android:value="@integer/google_play_services_version" />
70-->[com.google.android.gms:play-services-basement:17.0.0] AndroidManifest.xml:25:13-66
71
72        <provider
72-->[androidx.lifecycle:lifecycle-process:2.0.0] AndroidManifest.xml:23:9-27:43
73            android:name="androidx.lifecycle.ProcessLifecycleOwnerInitializer"
73-->[androidx.lifecycle:lifecycle-process:2.0.0] AndroidManifest.xml:24:13-79
74            android:authorities="com.example.hotelpintar.lifecycle-process"
74-->[androidx.lifecycle:lifecycle-process:2.0.0] AndroidManifest.xml:25:13-69
75            android:exported="false"
75-->[androidx.lifecycle:lifecycle-process:2.0.0] AndroidManifest.xml:26:13-37
76            android:multiprocess="true" />
76-->[androidx.lifecycle:lifecycle-process:2.0.0] AndroidManifest.xml:27:13-40
77    </application>
78
79</manifest>